{"/Users/debosmitadas/Desktop/TestGeneration/test.js":{"path":"/Users/debosmitadas/Desktop/TestGeneration/test.js","s":{"1":1,"2":1,"3":1,"4":1,"5":1,"6":1,"7":1,"8":1,"9":1,"10":1,"11":1,"12":1,"13":1,"14":1,"15":1,"16":1,"17":1,"18":1,"19":1,"20":1,"21":1,"22":1,"23":1,"24":1,"25":1,"26":1,"27":1,"28":1,"29":1,"30":1,"31":1,"32":1,"33":1,"34":1,"35":1,"36":1,"37":1,"38":1,"39":1,"40":1,"41":1,"42":1,"43":1,"44":1,"45":1,"46":1,"47":1,"48":1,"49":1,"50":1,"51":1,"52":1,"53":1,"54":1,"55":1,"56":1,"57":1,"58":1,"59":1,"60":1,"61":1,"62":1,"63":1,"64":1,"65":1,"66":1,"67":1,"68":1,"69":1,"70":1,"71":1,"72":1,"73":1,"74":1,"75":1,"76":1,"77":1,"78":1,"79":1,"80":1,"81":1,"82":1,"83":1,"84":1,"85":1,"86":1,"87":1,"88":1,"89":1,"90":1,"91":1,"92":1,"93":1,"94":1,"95":1,"96":1,"97":1,"98":1,"99":1,"100":1,"101":1,"102":1,"103":1,"104":1,"105":1,"106":1,"107":1,"108":1,"109":1,"110":1,"111":1,"112":1,"113":1,"114":1,"115":1,"116":1,"117":1,"118":1,"119":1,"120":1,"121":1,"122":1,"123":1,"124":1,"125":1,"126":1,"127":1,"128":1,"129":1,"130":1,"131":1,"132":1,"133":1,"134":1,"135":1,"136":1,"137":1,"138":1,"139":1,"140":1,"141":1,"142":1,"143":1,"144":1,"145":1,"146":1,"147":1,"148":1,"149":1,"150":1,"151":1,"152":1,"153":1,"154":1,"155":1,"156":1,"157":1,"158":1,"159":1,"160":1,"161":1,"162":1,"163":1,"164":1,"165":1,"166":1,"167":1,"168":1,"169":1,"170":1,"171":1,"172":1,"173":1,"174":1,"175":1,"176":1,"177":1,"178":1,"179":1,"180":1,"181":1,"182":1,"183":1,"184":1,"185":1,"186":1,"187":1,"188":1,"189":1,"190":1,"191":1,"192":1,"193":1,"194":1,"195":1,"196":1,"197":1,"198":1,"199":1,"200":1,"201":1,"202":1,"203":1,"204":1,"205":1,"206":1,"207":1,"208":1,"209":1,"210":1,"211":1,"212":1,"213":1,"214":1,"215":1,"216":1,"217":1,"218":1,"219":1,"220":1,"221":1,"222":1,"223":1,"224":1,"225":1,"226":1,"227":1,"228":1,"229":1,"230":1,"231":1,"232":1,"233":1,"234":1,"235":1,"236":1,"237":1,"238":1,"239":1,"240":1,"241":1,"242":1,"243":1,"244":1,"245":1,"246":1,"247":1,"248":1,"249":1,"250":1,"251":1,"252":1,"253":1,"254":1,"255":1,"256":1,"257":1,"258":1,"259":1,"260":1,"261":1,"262":1,"263":1,"264":1,"265":1,"266":1,"267":1,"268":1,"269":1,"270":1,"271":1,"272":1,"273":1,"274":1,"275":1,"276":1,"277":1,"278":1,"279":1,"280":1,"281":1,"282":1,"283":1,"284":1,"285":1,"286":1,"287":1,"288":1,"289":1,"290":1,"291":1,"292":1,"293":1,"294":1,"295":1,"296":1,"297":1,"298":1,"299":1,"300":1,"301":1,"302":1,"303":1,"304":1,"305":1,"306":1,"307":1,"308":1,"309":1,"310":1,"311":1,"312":1,"313":1,"314":1,"315":1,"316":1,"317":1,"318":1,"319":1,"320":1,"321":1,"322":1,"323":1,"324":1,"325":1,"326":1,"327":1,"328":1,"329":1,"330":1,"331":1,"332":1,"333":1,"334":1,"335":1,"336":1,"337":1,"338":1,"339":1,"340":1,"341":1,"342":1,"343":1,"344":1,"345":1,"346":1,"347":1,"348":1,"349":1,"350":1,"351":1,"352":1,"353":1,"354":1,"355":1,"356":1,"357":1,"358":1,"359":1,"360":1,"361":1,"362":1,"363":1,"364":1,"365":1,"366":1,"367":1,"368":1,"369":1,"370":1,"371":1,"372":1,"373":1,"374":1},"b":{},"f":{},"fnMap":{},"statementMap":{"1":{"start":{"line":1,"column":0},"end":{"line":1,"column":37}},"2":{"start":{"line":2,"column":0},"end":{"line":2,"column":30}},"3":{"start":{"line":3,"column":0},"end":{"line":3,"column":21}},"4":{"start":{"line":4,"column":0},"end":{"line":4,"column":21}},"5":{"start":{"line":5,"column":0},"end":{"line":5,"column":21}},"6":{"start":{"line":6,"column":0},"end":{"line":6,"column":21}},"7":{"start":{"line":7,"column":0},"end":{"line":7,"column":20}},"8":{"start":{"line":8,"column":0},"end":{"line":8,"column":20}},"9":{"start":{"line":9,"column":0},"end":{"line":9,"column":20}},"10":{"start":{"line":10,"column":0},"end":{"line":10,"column":20}},"11":{"start":{"line":11,"column":0},"end":{"line":11,"column":35}},"12":{"start":{"line":12,"column":0},"end":{"line":12,"column":35}},"13":{"start":{"line":13,"column":0},"end":{"line":13,"column":35}},"14":{"start":{"line":14,"column":0},"end":{"line":14,"column":30}},"15":{"start":{"line":15,"column":0},"end":{"line":15,"column":35}},"16":{"start":{"line":16,"column":0},"end":{"line":16,"column":27}},"17":{"start":{"line":17,"column":0},"end":{"line":17,"column":35}},"18":{"start":{"line":18,"column":0},"end":{"line":18,"column":35}},"19":{"start":{"line":19,"column":0},"end":{"line":19,"column":35}},"20":{"start":{"line":20,"column":0},"end":{"line":20,"column":30}},"21":{"start":{"line":21,"column":0},"end":{"line":21,"column":35}},"22":{"start":{"line":22,"column":0},"end":{"line":22,"column":27}},"23":{"start":{"line":23,"column":0},"end":{"line":23,"column":35}},"24":{"start":{"line":24,"column":0},"end":{"line":24,"column":35}},"25":{"start":{"line":25,"column":0},"end":{"line":25,"column":35}},"26":{"start":{"line":26,"column":0},"end":{"line":26,"column":30}},"27":{"start":{"line":27,"column":0},"end":{"line":27,"column":35}},"28":{"start":{"line":28,"column":0},"end":{"line":28,"column":27}},"29":{"start":{"line":29,"column":0},"end":{"line":29,"column":35}},"30":{"start":{"line":30,"column":0},"end":{"line":30,"column":35}},"31":{"start":{"line":31,"column":0},"end":{"line":31,"column":35}},"32":{"start":{"line":32,"column":0},"end":{"line":32,"column":30}},"33":{"start":{"line":33,"column":0},"end":{"line":33,"column":35}},"34":{"start":{"line":34,"column":0},"end":{"line":34,"column":27}},"35":{"start":{"line":35,"column":0},"end":{"line":35,"column":35}},"36":{"start":{"line":36,"column":0},"end":{"line":36,"column":35}},"37":{"start":{"line":37,"column":0},"end":{"line":37,"column":35}},"38":{"start":{"line":38,"column":0},"end":{"line":38,"column":30}},"39":{"start":{"line":39,"column":0},"end":{"line":39,"column":35}},"40":{"start":{"line":40,"column":0},"end":{"line":40,"column":27}},"41":{"start":{"line":41,"column":0},"end":{"line":41,"column":35}},"42":{"start":{"line":42,"column":0},"end":{"line":42,"column":35}},"43":{"start":{"line":43,"column":0},"end":{"line":43,"column":35}},"44":{"start":{"line":44,"column":0},"end":{"line":44,"column":30}},"45":{"start":{"line":45,"column":0},"end":{"line":45,"column":35}},"46":{"start":{"line":46,"column":0},"end":{"line":46,"column":27}},"47":{"start":{"line":47,"column":0},"end":{"line":47,"column":35}},"48":{"start":{"line":48,"column":0},"end":{"line":48,"column":35}},"49":{"start":{"line":49,"column":0},"end":{"line":49,"column":35}},"50":{"start":{"line":50,"column":0},"end":{"line":50,"column":30}},"51":{"start":{"line":51,"column":0},"end":{"line":51,"column":35}},"52":{"start":{"line":52,"column":0},"end":{"line":52,"column":27}},"53":{"start":{"line":53,"column":0},"end":{"line":53,"column":35}},"54":{"start":{"line":54,"column":0},"end":{"line":54,"column":35}},"55":{"start":{"line":55,"column":0},"end":{"line":55,"column":35}},"56":{"start":{"line":56,"column":0},"end":{"line":56,"column":30}},"57":{"start":{"line":57,"column":0},"end":{"line":57,"column":35}},"58":{"start":{"line":58,"column":0},"end":{"line":58,"column":27}},"59":{"start":{"line":59,"column":0},"end":{"line":59,"column":35}},"60":{"start":{"line":60,"column":0},"end":{"line":60,"column":35}},"61":{"start":{"line":61,"column":0},"end":{"line":61,"column":35}},"62":{"start":{"line":62,"column":0},"end":{"line":62,"column":30}},"63":{"start":{"line":63,"column":0},"end":{"line":63,"column":35}},"64":{"start":{"line":64,"column":0},"end":{"line":64,"column":27}},"65":{"start":{"line":65,"column":0},"end":{"line":65,"column":35}},"66":{"start":{"line":66,"column":0},"end":{"line":66,"column":35}},"67":{"start":{"line":67,"column":0},"end":{"line":67,"column":35}},"68":{"start":{"line":68,"column":0},"end":{"line":68,"column":30}},"69":{"start":{"line":69,"column":0},"end":{"line":69,"column":35}},"70":{"start":{"line":70,"column":0},"end":{"line":70,"column":27}},"71":{"start":{"line":71,"column":0},"end":{"line":71,"column":35}},"72":{"start":{"line":72,"column":0},"end":{"line":72,"column":35}},"73":{"start":{"line":73,"column":0},"end":{"line":73,"column":35}},"74":{"start":{"line":74,"column":0},"end":{"line":74,"column":30}},"75":{"start":{"line":75,"column":0},"end":{"line":75,"column":35}},"76":{"start":{"line":76,"column":0},"end":{"line":76,"column":27}},"77":{"start":{"line":77,"column":0},"end":{"line":77,"column":35}},"78":{"start":{"line":78,"column":0},"end":{"line":78,"column":35}},"79":{"start":{"line":79,"column":0},"end":{"line":79,"column":35}},"80":{"start":{"line":80,"column":0},"end":{"line":80,"column":30}},"81":{"start":{"line":81,"column":0},"end":{"line":81,"column":35}},"82":{"start":{"line":82,"column":0},"end":{"line":82,"column":27}},"83":{"start":{"line":83,"column":0},"end":{"line":83,"column":35}},"84":{"start":{"line":84,"column":0},"end":{"line":84,"column":35}},"85":{"start":{"line":85,"column":0},"end":{"line":85,"column":35}},"86":{"start":{"line":86,"column":0},"end":{"line":86,"column":30}},"87":{"start":{"line":87,"column":0},"end":{"line":87,"column":35}},"88":{"start":{"line":88,"column":0},"end":{"line":88,"column":27}},"89":{"start":{"line":89,"column":0},"end":{"line":89,"column":35}},"90":{"start":{"line":90,"column":0},"end":{"line":90,"column":35}},"91":{"start":{"line":91,"column":0},"end":{"line":91,"column":35}},"92":{"start":{"line":92,"column":0},"end":{"line":92,"column":30}},"93":{"start":{"line":93,"column":0},"end":{"line":93,"column":35}},"94":{"start":{"line":94,"column":0},"end":{"line":94,"column":27}},"95":{"start":{"line":95,"column":0},"end":{"line":95,"column":35}},"96":{"start":{"line":96,"column":0},"end":{"line":96,"column":35}},"97":{"start":{"line":97,"column":0},"end":{"line":97,"column":35}},"98":{"start":{"line":98,"column":0},"end":{"line":98,"column":30}},"99":{"start":{"line":99,"column":0},"end":{"line":99,"column":35}},"100":{"start":{"line":100,"column":0},"end":{"line":100,"column":27}},"101":{"start":{"line":101,"column":0},"end":{"line":101,"column":35}},"102":{"start":{"line":102,"column":0},"end":{"line":102,"column":35}},"103":{"start":{"line":103,"column":0},"end":{"line":103,"column":35}},"104":{"start":{"line":104,"column":0},"end":{"line":104,"column":30}},"105":{"start":{"line":105,"column":0},"end":{"line":105,"column":35}},"106":{"start":{"line":106,"column":0},"end":{"line":106,"column":27}},"107":{"start":{"line":107,"column":0},"end":{"line":107,"column":35}},"108":{"start":{"line":108,"column":0},"end":{"line":108,"column":35}},"109":{"start":{"line":109,"column":0},"end":{"line":109,"column":35}},"110":{"start":{"line":110,"column":0},"end":{"line":110,"column":30}},"111":{"start":{"line":111,"column":0},"end":{"line":111,"column":35}},"112":{"start":{"line":112,"column":0},"end":{"line":112,"column":27}},"113":{"start":{"line":113,"column":0},"end":{"line":113,"column":35}},"114":{"start":{"line":114,"column":0},"end":{"line":114,"column":35}},"115":{"start":{"line":115,"column":0},"end":{"line":115,"column":35}},"116":{"start":{"line":116,"column":0},"end":{"line":116,"column":30}},"117":{"start":{"line":117,"column":0},"end":{"line":117,"column":35}},"118":{"start":{"line":118,"column":0},"end":{"line":118,"column":27}},"119":{"start":{"line":119,"column":0},"end":{"line":119,"column":35}},"120":{"start":{"line":120,"column":0},"end":{"line":120,"column":35}},"121":{"start":{"line":121,"column":0},"end":{"line":121,"column":35}},"122":{"start":{"line":122,"column":0},"end":{"line":122,"column":30}},"123":{"start":{"line":123,"column":0},"end":{"line":123,"column":35}},"124":{"start":{"line":124,"column":0},"end":{"line":124,"column":27}},"125":{"start":{"line":125,"column":0},"end":{"line":125,"column":35}},"126":{"start":{"line":126,"column":0},"end":{"line":126,"column":35}},"127":{"start":{"line":127,"column":0},"end":{"line":127,"column":35}},"128":{"start":{"line":128,"column":0},"end":{"line":128,"column":30}},"129":{"start":{"line":129,"column":0},"end":{"line":129,"column":35}},"130":{"start":{"line":130,"column":0},"end":{"line":130,"column":27}},"131":{"start":{"line":131,"column":0},"end":{"line":131,"column":35}},"132":{"start":{"line":132,"column":0},"end":{"line":132,"column":35}},"133":{"start":{"line":133,"column":0},"end":{"line":133,"column":35}},"134":{"start":{"line":134,"column":0},"end":{"line":134,"column":30}},"135":{"start":{"line":135,"column":0},"end":{"line":135,"column":35}},"136":{"start":{"line":136,"column":0},"end":{"line":136,"column":27}},"137":{"start":{"line":137,"column":0},"end":{"line":137,"column":35}},"138":{"start":{"line":138,"column":0},"end":{"line":138,"column":35}},"139":{"start":{"line":139,"column":0},"end":{"line":139,"column":35}},"140":{"start":{"line":140,"column":0},"end":{"line":140,"column":30}},"141":{"start":{"line":141,"column":0},"end":{"line":141,"column":35}},"142":{"start":{"line":142,"column":0},"end":{"line":142,"column":27}},"143":{"start":{"line":143,"column":0},"end":{"line":143,"column":35}},"144":{"start":{"line":144,"column":0},"end":{"line":144,"column":35}},"145":{"start":{"line":145,"column":0},"end":{"line":145,"column":35}},"146":{"start":{"line":146,"column":0},"end":{"line":146,"column":30}},"147":{"start":{"line":147,"column":0},"end":{"line":147,"column":35}},"148":{"start":{"line":148,"column":0},"end":{"line":148,"column":27}},"149":{"start":{"line":149,"column":0},"end":{"line":149,"column":35}},"150":{"start":{"line":150,"column":0},"end":{"line":150,"column":35}},"151":{"start":{"line":151,"column":0},"end":{"line":151,"column":35}},"152":{"start":{"line":152,"column":0},"end":{"line":152,"column":30}},"153":{"start":{"line":153,"column":0},"end":{"line":153,"column":35}},"154":{"start":{"line":154,"column":0},"end":{"line":154,"column":27}},"155":{"start":{"line":155,"column":0},"end":{"line":155,"column":35}},"156":{"start":{"line":156,"column":0},"end":{"line":156,"column":35}},"157":{"start":{"line":157,"column":0},"end":{"line":157,"column":35}},"158":{"start":{"line":158,"column":0},"end":{"line":158,"column":30}},"159":{"start":{"line":159,"column":0},"end":{"line":159,"column":35}},"160":{"start":{"line":160,"column":0},"end":{"line":160,"column":27}},"161":{"start":{"line":161,"column":0},"end":{"line":161,"column":35}},"162":{"start":{"line":162,"column":0},"end":{"line":162,"column":35}},"163":{"start":{"line":163,"column":0},"end":{"line":163,"column":35}},"164":{"start":{"line":164,"column":0},"end":{"line":164,"column":30}},"165":{"start":{"line":165,"column":0},"end":{"line":165,"column":35}},"166":{"start":{"line":166,"column":0},"end":{"line":166,"column":27}},"167":{"start":{"line":167,"column":0},"end":{"line":167,"column":35}},"168":{"start":{"line":168,"column":0},"end":{"line":168,"column":35}},"169":{"start":{"line":169,"column":0},"end":{"line":169,"column":35}},"170":{"start":{"line":170,"column":0},"end":{"line":170,"column":30}},"171":{"start":{"line":171,"column":0},"end":{"line":171,"column":35}},"172":{"start":{"line":172,"column":0},"end":{"line":172,"column":27}},"173":{"start":{"line":173,"column":0},"end":{"line":173,"column":35}},"174":{"start":{"line":174,"column":0},"end":{"line":174,"column":35}},"175":{"start":{"line":175,"column":0},"end":{"line":175,"column":35}},"176":{"start":{"line":176,"column":0},"end":{"line":176,"column":30}},"177":{"start":{"line":177,"column":0},"end":{"line":177,"column":35}},"178":{"start":{"line":178,"column":0},"end":{"line":178,"column":27}},"179":{"start":{"line":179,"column":0},"end":{"line":179,"column":35}},"180":{"start":{"line":180,"column":0},"end":{"line":180,"column":35}},"181":{"start":{"line":181,"column":0},"end":{"line":181,"column":35}},"182":{"start":{"line":182,"column":0},"end":{"line":182,"column":30}},"183":{"start":{"line":183,"column":0},"end":{"line":183,"column":35}},"184":{"start":{"line":184,"column":0},"end":{"line":184,"column":27}},"185":{"start":{"line":185,"column":0},"end":{"line":185,"column":35}},"186":{"start":{"line":186,"column":0},"end":{"line":186,"column":35}},"187":{"start":{"line":187,"column":0},"end":{"line":187,"column":35}},"188":{"start":{"line":188,"column":0},"end":{"line":188,"column":30}},"189":{"start":{"line":189,"column":0},"end":{"line":189,"column":35}},"190":{"start":{"line":190,"column":0},"end":{"line":190,"column":27}},"191":{"start":{"line":191,"column":0},"end":{"line":191,"column":35}},"192":{"start":{"line":192,"column":0},"end":{"line":192,"column":35}},"193":{"start":{"line":193,"column":0},"end":{"line":193,"column":35}},"194":{"start":{"line":194,"column":0},"end":{"line":194,"column":30}},"195":{"start":{"line":195,"column":0},"end":{"line":195,"column":35}},"196":{"start":{"line":196,"column":0},"end":{"line":196,"column":27}},"197":{"start":{"line":197,"column":0},"end":{"line":197,"column":35}},"198":{"start":{"line":198,"column":0},"end":{"line":198,"column":35}},"199":{"start":{"line":199,"column":0},"end":{"line":199,"column":35}},"200":{"start":{"line":200,"column":0},"end":{"line":200,"column":30}},"201":{"start":{"line":201,"column":0},"end":{"line":201,"column":35}},"202":{"start":{"line":202,"column":0},"end":{"line":202,"column":27}},"203":{"start":{"line":203,"column":0},"end":{"line":203,"column":135}},"204":{"start":{"line":204,"column":1},"end":{"line":204,"column":61}},"205":{"start":{"line":205,"column":0},"end":{"line":205,"column":15}},"206":{"start":{"line":206,"column":0},"end":{"line":206,"column":135}},"207":{"start":{"line":207,"column":1},"end":{"line":207,"column":61}},"208":{"start":{"line":208,"column":0},"end":{"line":208,"column":15}},"209":{"start":{"line":209,"column":0},"end":{"line":209,"column":135}},"210":{"start":{"line":210,"column":1},"end":{"line":210,"column":61}},"211":{"start":{"line":211,"column":0},"end":{"line":211,"column":15}},"212":{"start":{"line":212,"column":0},"end":{"line":212,"column":135}},"213":{"start":{"line":213,"column":1},"end":{"line":213,"column":61}},"214":{"start":{"line":214,"column":0},"end":{"line":214,"column":15}},"215":{"start":{"line":215,"column":0},"end":{"line":215,"column":135}},"216":{"start":{"line":216,"column":1},"end":{"line":216,"column":257}},"217":{"start":{"line":217,"column":0},"end":{"line":217,"column":15}},"218":{"start":{"line":218,"column":0},"end":{"line":218,"column":66}},"219":{"start":{"line":219,"column":1},"end":{"line":219,"column":257}},"220":{"start":{"line":220,"column":0},"end":{"line":220,"column":15}},"221":{"start":{"line":221,"column":0},"end":{"line":221,"column":77}},"222":{"start":{"line":222,"column":1},"end":{"line":222,"column":257}},"223":{"start":{"line":223,"column":0},"end":{"line":223,"column":15}},"224":{"start":{"line":224,"column":0},"end":{"line":224,"column":9}},"225":{"start":{"line":225,"column":1},"end":{"line":225,"column":257}},"226":{"start":{"line":226,"column":0},"end":{"line":226,"column":15}},"227":{"start":{"line":227,"column":0},"end":{"line":227,"column":135}},"228":{"start":{"line":228,"column":1},"end":{"line":228,"column":59}},"229":{"start":{"line":229,"column":0},"end":{"line":229,"column":15}},"230":{"start":{"line":230,"column":0},"end":{"line":230,"column":135}},"231":{"start":{"line":231,"column":1},"end":{"line":231,"column":59}},"232":{"start":{"line":232,"column":0},"end":{"line":232,"column":15}},"233":{"start":{"line":233,"column":0},"end":{"line":233,"column":135}},"234":{"start":{"line":234,"column":1},"end":{"line":234,"column":59}},"235":{"start":{"line":235,"column":0},"end":{"line":235,"column":15}},"236":{"start":{"line":236,"column":0},"end":{"line":236,"column":135}},"237":{"start":{"line":237,"column":1},"end":{"line":237,"column":59}},"238":{"start":{"line":238,"column":0},"end":{"line":238,"column":15}},"239":{"start":{"line":239,"column":0},"end":{"line":239,"column":135}},"240":{"start":{"line":240,"column":1},"end":{"line":240,"column":257}},"241":{"start":{"line":241,"column":0},"end":{"line":241,"column":15}},"242":{"start":{"line":242,"column":0},"end":{"line":242,"column":66}},"243":{"start":{"line":243,"column":1},"end":{"line":243,"column":257}},"244":{"start":{"line":244,"column":0},"end":{"line":244,"column":15}},"245":{"start":{"line":245,"column":0},"end":{"line":245,"column":77}},"246":{"start":{"line":246,"column":1},"end":{"line":246,"column":257}},"247":{"start":{"line":247,"column":0},"end":{"line":247,"column":15}},"248":{"start":{"line":248,"column":0},"end":{"line":248,"column":9}},"249":{"start":{"line":249,"column":1},"end":{"line":249,"column":257}},"250":{"start":{"line":250,"column":0},"end":{"line":250,"column":15}},"251":{"start":{"line":251,"column":0},"end":{"line":251,"column":135}},"252":{"start":{"line":252,"column":1},"end":{"line":252,"column":61}},"253":{"start":{"line":253,"column":0},"end":{"line":253,"column":15}},"254":{"start":{"line":254,"column":0},"end":{"line":254,"column":135}},"255":{"start":{"line":255,"column":1},"end":{"line":255,"column":61}},"256":{"start":{"line":256,"column":0},"end":{"line":256,"column":15}},"257":{"start":{"line":257,"column":0},"end":{"line":257,"column":135}},"258":{"start":{"line":258,"column":1},"end":{"line":258,"column":61}},"259":{"start":{"line":259,"column":0},"end":{"line":259,"column":15}},"260":{"start":{"line":260,"column":0},"end":{"line":260,"column":135}},"261":{"start":{"line":261,"column":1},"end":{"line":261,"column":61}},"262":{"start":{"line":262,"column":0},"end":{"line":262,"column":15}},"263":{"start":{"line":263,"column":0},"end":{"line":263,"column":135}},"264":{"start":{"line":264,"column":1},"end":{"line":264,"column":257}},"265":{"start":{"line":265,"column":0},"end":{"line":265,"column":15}},"266":{"start":{"line":266,"column":0},"end":{"line":266,"column":66}},"267":{"start":{"line":267,"column":1},"end":{"line":267,"column":257}},"268":{"start":{"line":268,"column":0},"end":{"line":268,"column":15}},"269":{"start":{"line":269,"column":0},"end":{"line":269,"column":77}},"270":{"start":{"line":270,"column":1},"end":{"line":270,"column":257}},"271":{"start":{"line":271,"column":0},"end":{"line":271,"column":15}},"272":{"start":{"line":272,"column":0},"end":{"line":272,"column":9}},"273":{"start":{"line":273,"column":1},"end":{"line":273,"column":257}},"274":{"start":{"line":274,"column":0},"end":{"line":274,"column":15}},"275":{"start":{"line":275,"column":0},"end":{"line":275,"column":135}},"276":{"start":{"line":276,"column":1},"end":{"line":276,"column":59}},"277":{"start":{"line":277,"column":0},"end":{"line":277,"column":15}},"278":{"start":{"line":278,"column":0},"end":{"line":278,"column":135}},"279":{"start":{"line":279,"column":1},"end":{"line":279,"column":59}},"280":{"start":{"line":280,"column":0},"end":{"line":280,"column":15}},"281":{"start":{"line":281,"column":0},"end":{"line":281,"column":135}},"282":{"start":{"line":282,"column":1},"end":{"line":282,"column":59}},"283":{"start":{"line":283,"column":0},"end":{"line":283,"column":15}},"284":{"start":{"line":284,"column":0},"end":{"line":284,"column":135}},"285":{"start":{"line":285,"column":1},"end":{"line":285,"column":59}},"286":{"start":{"line":286,"column":0},"end":{"line":286,"column":15}},"287":{"start":{"line":287,"column":0},"end":{"line":287,"column":135}},"288":{"start":{"line":288,"column":1},"end":{"line":288,"column":257}},"289":{"start":{"line":289,"column":0},"end":{"line":289,"column":15}},"290":{"start":{"line":290,"column":0},"end":{"line":290,"column":66}},"291":{"start":{"line":291,"column":1},"end":{"line":291,"column":257}},"292":{"start":{"line":292,"column":0},"end":{"line":292,"column":15}},"293":{"start":{"line":293,"column":0},"end":{"line":293,"column":77}},"294":{"start":{"line":294,"column":1},"end":{"line":294,"column":257}},"295":{"start":{"line":295,"column":0},"end":{"line":295,"column":15}},"296":{"start":{"line":296,"column":0},"end":{"line":296,"column":9}},"297":{"start":{"line":297,"column":1},"end":{"line":297,"column":257}},"298":{"start":{"line":298,"column":0},"end":{"line":298,"column":15}},"299":{"start":{"line":299,"column":0},"end":{"line":299,"column":135}},"300":{"start":{"line":300,"column":1},"end":{"line":300,"column":57}},"301":{"start":{"line":301,"column":0},"end":{"line":301,"column":15}},"302":{"start":{"line":302,"column":0},"end":{"line":302,"column":135}},"303":{"start":{"line":303,"column":1},"end":{"line":303,"column":57}},"304":{"start":{"line":304,"column":0},"end":{"line":304,"column":15}},"305":{"start":{"line":305,"column":0},"end":{"line":305,"column":135}},"306":{"start":{"line":306,"column":1},"end":{"line":306,"column":57}},"307":{"start":{"line":307,"column":0},"end":{"line":307,"column":15}},"308":{"start":{"line":308,"column":0},"end":{"line":308,"column":135}},"309":{"start":{"line":309,"column":1},"end":{"line":309,"column":57}},"310":{"start":{"line":310,"column":0},"end":{"line":310,"column":15}},"311":{"start":{"line":311,"column":0},"end":{"line":311,"column":135}},"312":{"start":{"line":312,"column":1},"end":{"line":312,"column":257}},"313":{"start":{"line":313,"column":0},"end":{"line":313,"column":15}},"314":{"start":{"line":314,"column":0},"end":{"line":314,"column":66}},"315":{"start":{"line":315,"column":1},"end":{"line":315,"column":257}},"316":{"start":{"line":316,"column":0},"end":{"line":316,"column":15}},"317":{"start":{"line":317,"column":0},"end":{"line":317,"column":77}},"318":{"start":{"line":318,"column":1},"end":{"line":318,"column":257}},"319":{"start":{"line":319,"column":0},"end":{"line":319,"column":15}},"320":{"start":{"line":320,"column":0},"end":{"line":320,"column":9}},"321":{"start":{"line":321,"column":1},"end":{"line":321,"column":257}},"322":{"start":{"line":322,"column":0},"end":{"line":322,"column":15}},"323":{"start":{"line":323,"column":0},"end":{"line":323,"column":135}},"324":{"start":{"line":324,"column":1},"end":{"line":324,"column":55}},"325":{"start":{"line":325,"column":0},"end":{"line":325,"column":15}},"326":{"start":{"line":326,"column":0},"end":{"line":326,"column":135}},"327":{"start":{"line":327,"column":1},"end":{"line":327,"column":55}},"328":{"start":{"line":328,"column":0},"end":{"line":328,"column":15}},"329":{"start":{"line":329,"column":0},"end":{"line":329,"column":135}},"330":{"start":{"line":330,"column":1},"end":{"line":330,"column":55}},"331":{"start":{"line":331,"column":0},"end":{"line":331,"column":15}},"332":{"start":{"line":332,"column":0},"end":{"line":332,"column":135}},"333":{"start":{"line":333,"column":1},"end":{"line":333,"column":55}},"334":{"start":{"line":334,"column":0},"end":{"line":334,"column":15}},"335":{"start":{"line":335,"column":0},"end":{"line":335,"column":135}},"336":{"start":{"line":336,"column":1},"end":{"line":336,"column":257}},"337":{"start":{"line":337,"column":0},"end":{"line":337,"column":15}},"338":{"start":{"line":338,"column":0},"end":{"line":338,"column":66}},"339":{"start":{"line":339,"column":1},"end":{"line":339,"column":257}},"340":{"start":{"line":340,"column":0},"end":{"line":340,"column":15}},"341":{"start":{"line":341,"column":0},"end":{"line":341,"column":77}},"342":{"start":{"line":342,"column":1},"end":{"line":342,"column":257}},"343":{"start":{"line":343,"column":0},"end":{"line":343,"column":15}},"344":{"start":{"line":344,"column":0},"end":{"line":344,"column":9}},"345":{"start":{"line":345,"column":1},"end":{"line":345,"column":257}},"346":{"start":{"line":346,"column":0},"end":{"line":346,"column":15}},"347":{"start":{"line":347,"column":0},"end":{"line":347,"column":34}},"348":{"start":{"line":348,"column":0},"end":{"line":348,"column":34}},"349":{"start":{"line":349,"column":0},"end":{"line":349,"column":61}},"350":{"start":{"line":350,"column":0},"end":{"line":350,"column":49}},"351":{"start":{"line":351,"column":0},"end":{"line":351,"column":61}},"352":{"start":{"line":352,"column":0},"end":{"line":352,"column":49}},"353":{"start":{"line":353,"column":0},"end":{"line":353,"column":61}},"354":{"start":{"line":354,"column":0},"end":{"line":354,"column":49}},"355":{"start":{"line":355,"column":0},"end":{"line":355,"column":61}},"356":{"start":{"line":356,"column":0},"end":{"line":356,"column":49}},"357":{"start":{"line":357,"column":0},"end":{"line":357,"column":61}},"358":{"start":{"line":358,"column":0},"end":{"line":358,"column":49}},"359":{"start":{"line":359,"column":0},"end":{"line":359,"column":61}},"360":{"start":{"line":360,"column":0},"end":{"line":360,"column":49}},"361":{"start":{"line":361,"column":0},"end":{"line":361,"column":61}},"362":{"start":{"line":362,"column":0},"end":{"line":362,"column":49}},"363":{"start":{"line":363,"column":0},"end":{"line":363,"column":61}},"364":{"start":{"line":364,"column":0},"end":{"line":364,"column":49}},"365":{"start":{"line":365,"column":0},"end":{"line":365,"column":61}},"366":{"start":{"line":366,"column":0},"end":{"line":366,"column":49}},"367":{"start":{"line":367,"column":0},"end":{"line":367,"column":61}},"368":{"start":{"line":368,"column":0},"end":{"line":368,"column":49}},"369":{"start":{"line":369,"column":0},"end":{"line":369,"column":61}},"370":{"start":{"line":370,"column":0},"end":{"line":370,"column":49}},"371":{"start":{"line":371,"column":0},"end":{"line":371,"column":61}},"372":{"start":{"line":372,"column":0},"end":{"line":372,"column":49}},"373":{"start":{"line":373,"column":0},"end":{"line":373,"column":40}},"374":{"start":{"line":374,"column":0},"end":{"line":374,"column":38}}},"branchMap":{}},"/Users/debosmitadas/Desktop/TestGeneration/mystery.js":{"path":"/Users/debosmitadas/Desktop/TestGeneration/mystery.js","s":{"1":1,"2":1,"3":8,"4":6,"5":8,"6":4,"7":8,"8":1,"9":192,"10":48,"11":144,"12":72,"13":36,"14":36,"15":12,"16":72,"17":60,"18":84,"19":1,"20":48,"21":12,"22":36,"23":36,"24":12,"25":24,"26":14,"27":14,"28":10,"29":4,"30":1,"31":16,"32":1,"33":26,"34":14,"35":26,"36":284,"37":26,"38":1,"39":2,"40":2,"41":2,"42":1,"43":1,"44":1,"45":1,"46":1,"47":1,"48":1,"49":1},"b":{"1":[6,2],"2":[4,4],"3":[48,144],"4":[192,96],"5":[72,72],"6":[36,36],"7":[12,24],"8":[60,12],"9":[12,36],"10":[12,24],"11":[14,10],"12":[10,4],"13":[14,12],"14":[26,12],"15":[1,1]},"f":{"1":8,"2":192,"3":48,"4":16,"5":26,"6":2},"fnMap":{"1":{"name":"inc","line":3,"loc":{"start":{"line":3,"column":0},"end":{"line":3,"column":18}}},"2":{"name":"weird","line":12,"loc":{"start":{"line":12,"column":0},"end":{"line":13,"column":0}}},"3":{"name":"fileTest","line":40,"loc":{"start":{"line":40,"column":0},"end":{"line":41,"column":0}}},"4":{"name":"normalize","line":64,"loc":{"start":{"line":64,"column":0},"end":{"line":64,"column":32}}},"5":{"name":"format","line":73,"loc":{"start":{"line":73,"column":0},"end":{"line":74,"column":0}}},"6":{"name":"blackListNumber","line":88,"loc":{"start":{"line":88,"column":0},"end":{"line":89,"column":0}}}},"statementMap":{"1":{"start":{"line":1,"column":0},"end":{"line":1,"column":23}},"2":{"start":{"line":3,"column":0},"end":{"line":10,"column":1}},"3":{"start":{"line":4,"column":3},"end":{"line":4,"column":21}},"4":{"start":{"line":4,"column":16},"end":{"line":4,"column":21}},"5":{"start":{"line":5,"column":3},"end":{"line":8,"column":4}},"6":{"start":{"line":7,"column":4},"end":{"line":7,"column":11}},"7":{"start":{"line":9,"column":3},"end":{"line":9,"column":18}},"8":{"start":{"line":12,"column":0},"end":{"line":37,"column":1}},"9":{"start":{"line":14,"column":4},"end":{"line":35,"column":5}},"10":{"start":{"line":16,"column":8},"end":{"line":16,"column":15}},"11":{"start":{"line":18,"column":9},"end":{"line":35,"column":5}},"12":{"start":{"line":20,"column":8},"end":{"line":27,"column":9}},"13":{"start":{"line":22,"column":12},"end":{"line":22,"column":21}},"14":{"start":{"line":24,"column":13},"end":{"line":27,"column":9}},"15":{"start":{"line":26,"column":12},"end":{"line":26,"column":21}},"16":{"start":{"line":31,"column":8},"end":{"line":34,"column":9}},"17":{"start":{"line":33,"column":12},"end":{"line":33,"column":29}},"18":{"start":{"line":36,"column":4},"end":{"line":36,"column":13}},"19":{"start":{"line":40,"column":0},"end":{"line":62,"column":1}},"20":{"start":{"line":42,"column":1},"end":{"line":45,"column":5}},"21":{"start":{"line":44,"column":8},"end":{"line":44,"column":21}},"22":{"start":{"line":47,"column":4},"end":{"line":47,"column":36}},"23":{"start":{"line":48,"column":4},"end":{"line":51,"column":5}},"24":{"start":{"line":50,"column":8},"end":{"line":50,"column":21}},"25":{"start":{"line":53,"column":3},"end":{"line":61,"column":2}},"26":{"start":{"line":55,"column":2},"end":{"line":55,"column":46}},"27":{"start":{"line":56,"column":2},"end":{"line":59,"column":3}},"28":{"start":{"line":58,"column":3},"end":{"line":58,"column":15}},"29":{"start":{"line":60,"column":2},"end":{"line":60,"column":15}},"30":{"start":{"line":64,"column":0},"end":{"line":71,"column":1}},"31":{"start":{"line":66,"column":4},"end":{"line":69,"column":6}},"32":{"start":{"line":73,"column":0},"end":{"line":86,"column":1}},"33":{"start":{"line":76,"column":4},"end":{"line":78,"column":5}},"34":{"start":{"line":77,"column":6},"end":{"line":77,"column":42}},"35":{"start":{"line":80,"column":4},"end":{"line":82,"column":5}},"36":{"start":{"line":81,"column":6},"end":{"line":81,"column":63}},"37":{"start":{"line":84,"column":4},"end":{"line":84,"column":24}},"38":{"start":{"line":88,"column":0},"end":{"line":97,"column":1}},"39":{"start":{"line":90,"column":1},"end":{"line":90,"column":49}},"40":{"start":{"line":91,"column":1},"end":{"line":91,"column":31}},"41":{"start":{"line":92,"column":1},"end":{"line":95,"column":2}},"42":{"start":{"line":94,"column":2},"end":{"line":94,"column":14}},"43":{"start":{"line":96,"column":1},"end":{"line":96,"column":14}},"44":{"start":{"line":99,"column":0},"end":{"line":99,"column":28}},"45":{"start":{"line":100,"column":0},"end":{"line":100,"column":30}},"46":{"start":{"line":101,"column":0},"end":{"line":101,"column":24}},"47":{"start":{"line":102,"column":0},"end":{"line":102,"column":18}},"48":{"start":{"line":103,"column":0},"end":{"line":103,"column":22}},"49":{"start":{"line":104,"column":0},"end":{"line":104,"column":42}}},"branchMap":{"1":{"line":4,"type":"if","locations":[{"start":{"line":4,"column":3},"end":{"line":4,"column":3}},{"start":{"line":4,"column":3},"end":{"line":4,"column":3}}]},"2":{"line":5,"type":"if","locations":[{"start":{"line":5,"column":3},"end":{"line":5,"column":3}},{"start":{"line":5,"column":3},"end":{"line":5,"column":3}}]},"3":{"line":14,"type":"if","locations":[{"start":{"line":14,"column":4},"end":{"line":14,"column":4}},{"start":{"line":14,"column":4},"end":{"line":14,"column":4}}]},"4":{"line":14,"type":"binary-expr","locations":[{"start":{"line":14,"column":8},"end":{"line":14,"column":14}},{"start":{"line":14,"column":18},"end":{"line":14,"column":24}}]},"5":{"line":18,"type":"if","locations":[{"start":{"line":18,"column":9},"end":{"line":18,"column":9}},{"start":{"line":18,"column":9},"end":{"line":18,"column":9}}]},"6":{"line":20,"type":"if","locations":[{"start":{"line":20,"column":8},"end":{"line":20,"column":8}},{"start":{"line":20,"column":8},"end":{"line":20,"column":8}}]},"7":{"line":24,"type":"if","locations":[{"start":{"line":24,"column":13},"end":{"line":24,"column":13}},{"start":{"line":24,"column":13},"end":{"line":24,"column":13}}]},"8":{"line":31,"type":"if","locations":[{"start":{"line":31,"column":8},"end":{"line":31,"column":8}},{"start":{"line":31,"column":8},"end":{"line":31,"column":8}}]},"9":{"line":42,"type":"if","locations":[{"start":{"line":42,"column":1},"end":{"line":42,"column":1}},{"start":{"line":42,"column":1},"end":{"line":42,"column":1}}]},"10":{"line":48,"type":"if","locations":[{"start":{"line":48,"column":4},"end":{"line":48,"column":4}},{"start":{"line":48,"column":4},"end":{"line":48,"column":4}}]},"11":{"line":53,"type":"if","locations":[{"start":{"line":53,"column":3},"end":{"line":53,"column":3}},{"start":{"line":53,"column":3},"end":{"line":53,"column":3}}]},"12":{"line":56,"type":"if","locations":[{"start":{"line":56,"column":2},"end":{"line":56,"column":2}},{"start":{"line":56,"column":2},"end":{"line":56,"column":2}}]},"13":{"line":76,"type":"if","locations":[{"start":{"line":76,"column":4},"end":{"line":76,"column":4}},{"start":{"line":76,"column":4},"end":{"line":76,"column":4}}]},"14":{"line":76,"type":"binary-expr","locations":[{"start":{"line":76,"column":8},"end":{"line":76,"column":16}},{"start":{"line":76,"column":20},"end":{"line":76,"column":38}}]},"15":{"line":92,"type":"if","locations":[{"start":{"line":92,"column":1},"end":{"line":92,"column":1}},{"start":{"line":92,"column":1},"end":{"line":92,"column":1}}]}}}}